<?xml version="1.0" encoding="UTF-8"?>
<!-- Generated by org.testng.reporters.JUnitReportReporter -->
<testsuite skipped="0" hostname="DESKTOP-L3D1IKQ" name="com.crm.qa.testcases.LoginPageTest" tests="2" failures="0" timestamp="2020-07-21T23:16:23 AEST" time="60.368" errors="0">
  <testcase name="loginPageTitleTest" time="26.651" classname="com.crm.qa.testcases.LoginPageTest"/>
  <system-out/>
  <testcase name="loginTest" time="33.717" classname="com.crm.qa.testcases.LoginPageTest"/>
  <system-out/>
</testsuite> <!-- com.crm.qa.testcases.LoginPageTest -->
