<?xml version="1.0" encoding="UTF-8"?>
<!-- Generated by org.testng.reporters.JUnitReportReporter -->
<testsuite skipped="0" hostname="DESKTOP-L3D1IKQ" name="com.crm.qa.testcases.HomePageTest" tests="3" failures="0" timestamp="2020-07-21T23:11:33 AEST" time="96.874" errors="0">
  <testcase name="verifyUserNameTest" time="32.839" classname="com.crm.qa.testcases.HomePageTest"/>
  <system-out/>
  <testcase name="verifyContactsLinkTest" time="30.587" classname="com.crm.qa.testcases.HomePageTest"/>
  <system-out/>
  <testcase name="verifyHomePageTitleTest" time="33.448" classname="com.crm.qa.testcases.HomePageTest"/>
  <system-out/>
</testsuite> <!-- com.crm.qa.testcases.HomePageTest -->
